#
# A fatal error has been detected by the Java Runtime Environment:
#
#  EXCEPTION_ACCESS_VIOLATION (0xc0000005) at pc=0x6d8ce19a, pid=4876, tid=3932
#
# JRE version: 6.0_43-b01
# Java VM: Java HotSpot(TM) Client VM (20.14-b01 mixed mode, sharing windows-x86 )
# Problematic frame:
# V  [jvm.dll+0xe19a]
#
# If you would like to submit a bug report, please visit:
#   http://java.sun.com/webapps/bugreport/crash.jsp
#

---------------  T H R E A D  ---------------

Current thread (0x0046f400):  VMThread [stack: 0x04580000,0x045d0000] [id=3932]

siginfo: ExceptionCode=0xc0000005, reading address 0x00000050

Registers:
EAX=0x00000000, EBX=0x38e60b20, ECX=0x002e0039, EDX=0x002e0039
ESP=0x045cf8fc, EBP=0x045cf904, ESI=0x244934c8, EDI=0x00e5e038
EIP=0x6d8ce19a, EFLAGS=0x00010246

Top of Stack: (sp=0x045cf8fc)
0x045cf8fc:   244934c8 244934c8 045cf924 6d91b31f
0x045cf90c:   00000000 045cfa54 24977a38 38e60b20
0x045cf91c:   00e5e038 00000026 045cf944 6d93b661
0x045cf92c:   244934c8 2497d270 24977a30 045cfa54
0x045cf93c:   38e60b28 38e609a0 045cf964 6d928478
0x045cf94c:   24977a30 24977a3c 00e5e038 045cfa54
0x045cf95c:   00000000 00e5e290 045cf978 6d91a08d
0x045cf96c:   045cfa54 00e5df38 00000000 045cf98c 

Instructions: (pc=0x6d8ce19a)
0x6d8ce17a:   e6 c1 e8 10 4a 0f b6 c0 03 f2 03 c6 f7 d2 c1 e8
0x6d8ce18a:   02 c1 ea 02 23 c2 5e 5d c2 04 00 8b 02 56 8b ca
0x6d8ce19a:   ff 50 50 5e 5d c2 04 00 cc cc cc cc cc cc cc cc
0x6d8ce1aa:   cc cc cc cc cc cc 8b 41 04 83 c0 08 50 e8 94 ff 


Register to memory mapping:

EAX=0x00000000 is an unknown value
EBX=0x38e60b20 is an oop
{instance class} 
 - klass: {other class}
ECX=0x002e0039 is an unknown value
EDX=0x002e0039 is an unknown value
ESP=0x045cf8fc is an unknown value
EBP=0x045cf904 is an unknown value
ESI=0x244934c8 is an oop
[C 
 - klass: {type array char}
 - length: 77
EDI=0x00e5e038 is an unknown value


Stack: [0x04580000,0x045d0000],  sp=0x045cf8fc,  free space=318k
Native frames: (J=compiled Java code, j=interpreted, Vv=VM code, C=native code)
V  [jvm.dll+0xe19a]
V  [jvm.dll+0x5b31f]
V  [jvm.dll+0x7b661]
V  [jvm.dll+0x68478]
V  [jvm.dll+0x5a08d]
V  [jvm.dll+0x5f6ca]
V  [jvm.dll+0x5a4c7]
V  [jvm.dll+0x606e8]
V  [jvm.dll+0x583bb]
V  [jvm.dll+0x13c137]
V  [jvm.dll+0x11e523]
V  [jvm.dll+0x11d7ee]
V  [jvm.dll+0x11db12]
V  [jvm.dll+0x11df22]
V  [jvm.dll+0x14217c]
C  [msvcr71.dll+0x9565]  endthreadex+0xa0
C  [kernel32.dll+0x13677]  BaseThreadInitThunk+0x12
C  [ntdll.dll+0x39d72]  RtlInitializeExceptionChain+0x63
C  [ntdll.dll+0x39d45]  RtlInitializeExceptionChain+0x36

VM_Operation (0x003fd068): GenCollectForAllocation, mode: safepoint, requested by thread 0x00e5a400


---------------  P R O C E S S  ---------------

Java Threads: ( => current thread )
  0x004ee800 JavaThread "Monitor Ctrl-Break" daemon [_thread_in_native, id=2752, stack(0x04b50000,0x04ba0000)]
  0x004c2000 JavaThread "Low Memory Detector" daemon [_thread_blocked, id=3360, stack(0x048e0000,0x04930000)]
  0x004ba800 JavaThread "C1 CompilerThread0" daemon [_thread_blocked, id=1056, stack(0x04850000,0x048a0000)]
  0x004b9800 JavaThread "Attach Listener" daemon [_thread_blocked, id=1700, stack(0x047c0000,0x04810000)]
  0x004b6800 JavaThread "Signal Dispatcher" daemon [_thread_blocked, id=4512, stack(0x04730000,0x04780000)]
  0x004ad000 JavaThread "Finalizer" daemon [_thread_blocked, id=5040, stack(0x046a0000,0x046f0000)]
  0x004abc00 JavaThread "Reference Handler" daemon [_thread_blocked, id=2968, stack(0x04610000,0x04660000)]
  0x00e5a400 JavaThread "main" [_thread_blocked, id=3884, stack(0x003b0000,0x00400000)]

Other Threads:
=>0x0046f400 VMThread [stack: 0x04580000,0x045d0000] [id=3932]
  0x004dc000 WatcherThread [stack: 0x04970000,0x049c0000] [id=2392]

VM state:at safepoint (normal execution)

VM Mutex/Monitor currently owned by a thread:  ([mutex/lock_event])
[0x00e586f8] Threads_lock - owner thread: 0x0046f400
[0x00e58b08] Heap_lock - owner thread: 0x00e5a400

Heap
 def new generation   total 4928K, used 4416K [0x24460000, 0x249b0000, 0x299b0000)
  eden space 4416K, 100% used [0x24460000, 0x248b0000, 0x248b0000)
  from space 512K,   0% used [0x248b0000, 0x248b0000, 0x24930000)
  to   space 512K,  60% used [0x24930000, 0x2497df20, 0x249b0000)
 tenured generation   total 10944K, used 0K [0x299b0000, 0x2a460000, 0x34460000)
   the space 10944K,   0% used [0x299b0000, 0x299b0000, 0x299b0200, 0x2a460000)
 compacting perm gen  total 12288K, used 1230K [0x34460000, 0x35060000, 0x38460000)
   the space 12288K,  10% used [0x34460000, 0x34593880, 0x34593a00, 0x35060000)
    ro space 10240K,  55% used [0x38460000, 0x389e3320, 0x389e3400, 0x38e60000)
    rw space 12288K,  55% used [0x38e60000, 0x39506128, 0x39506200, 0x39a60000)

Code Cache  [0x02580000, 0x02610000, 0x04580000)
 total_blobs=202 nmethods=67 adapters=71 free_code_cache=32978176 largest_free_block=0

Dynamic libraries:
0x00400000 - 0x00425000 	C:\Program Files (x86)\Java\jdk1.6.0_43\bin\java.exe
0x777b0000 - 0x77930000 	C:\Windows\SysWOW64\ntdll.dll
0x75380000 - 0x75480000 	C:\Windows\syswow64\kernel32.dll
0x76c70000 - 0x76cb6000 	C:\Windows\syswow64\KERNELBASE.dll
0x76f40000 - 0x76fe0000 	C:\Windows\syswow64\ADVAPI32.dll
0x754b0000 - 0x7555c000 	C:\Windows\syswow64\msvcrt.dll
0x75ac0000 - 0x75ad9000 	C:\Windows\SysWOW64\sechost.dll
0x75ae0000 - 0x75bd0000 	C:\Windows\syswow64\RPCRT4.dll
0x75320000 - 0x75380000 	C:\Windows\syswow64\SspiCli.dll
0x75310000 - 0x7531c000 	C:\Windows\syswow64\CRYPTBASE.dll
0x7c340000 - 0x7c396000 	C:\Program Files (x86)\Java\jdk1.6.0_43\jre\bin\msvcr71.dll
0x6d8c0000 - 0x6db70000 	C:\Program Files (x86)\Java\jdk1.6.0_43\jre\bin\client\jvm.dll
0x75dd0000 - 0x75ed0000 	C:\Windows\syswow64\USER32.dll
0x75a30000 - 0x75ac0000 	C:\Windows\syswow64\GDI32.dll
0x76010000 - 0x7601a000 	C:\Windows\syswow64\LPK.dll
0x77030000 - 0x770cd000 	C:\Windows\syswow64\USP10.dll
0x736e0000 - 0x73712000 	C:\Windows\system32\WINMM.dll
0x76ee0000 - 0x76f40000 	C:\Windows\system32\IMM32.DLL
0x77110000 - 0x771dc000 	C:\Windows\syswow64\MSCTF.dll
0x735d0000 - 0x7361b000 	C:\Windows\system32\apphelp.dll
0x6d870000 - 0x6d87c000 	C:\Program Files (x86)\Java\jdk1.6.0_43\jre\bin\verify.dll
0x6d3d0000 - 0x6d3ef000 	C:\Program Files (x86)\Java\jdk1.6.0_43\jre\bin\java.dll
0x6d8b0000 - 0x6d8bf000 	C:\Program Files (x86)\Java\jdk1.6.0_43\jre\bin\zip.dll
0x10000000 - 0x10032000 	C:\Program Files (x86)\JetBrains\IntelliJ IDEA 12.0.2\bin\breakgen.dll
0x6d6b0000 - 0x6d6c3000 	C:\Program Files (x86)\Java\jdk1.6.0_43\jre\bin\net.dll
0x770d0000 - 0x77105000 	C:\Windows\syswow64\WS2_32.dll
0x77210000 - 0x77216000 	C:\Windows\syswow64\NSI.dll
0x74e10000 - 0x74e4c000 	C:\Windows\system32\mswsock.dll
0x74bf0000 - 0x74bf6000 	C:\Windows\System32\wship6.dll
0x74d30000 - 0x74d35000 	C:\Windows\System32\wshtcpip.dll
0x77780000 - 0x77785000 	C:\Windows\system32\PSAPI.DLL

VM Arguments:
jvm_args: -ea -Didea.launcher.port=7534 -Didea.launcher.bin.path=C:\Program Files (x86)\JetBrains\IntelliJ IDEA 12.0.2\bin -Dfile.encoding=UTF-8 
java_command: com.intellij.rt.execution.application.AppMain com.intellij.rt.execution.junit.JUnitStarter -ideVersion5 TestBankAccountDao
Launcher Type: SUN_STANDARD

Environment Variables:
JAVA_HOME=C:\Program Files (x86)\Java\jdk1.6.0_43
PATH=C:\Program Files (x86)\JetBrains\IntelliJ IDEA 12.0.2\bin\..\.\bin;C:\Program Files (x86)\Intel\iCLS Client\;C:\Program Files\Intel\iCLS Client\;C:\Windows\system32;C:\Windows;C:\Windows\System32\Wbem;C:\Windows\System32\WindowsPowerShell\v1.0\;C:\Program Files (x86)\Intel\OpenCL SDK\2.0\bin\x86;C:\Program Files (x86)\Intel\OpenCL SDK\2.0\bin\x64;C:\Program Files\Intel\Intel(R) Management Engine Components\DAL;C:\Program Files\Intel\Intel(R) Management Engine Components\IPT;C:\Program Files (x86)\Intel\Intel(R) Management Engine Components\DAL;C:\Program Files (x86)\Intel\Intel(R) Management Engine Components\IPT;C:\Program Files\TortoiseSVN\bin;C:\Program Files (x86)\Java\jdk1.6.0_43\bin;C:\apache-maven-3.0.5\bin;C:\apache-tomcat-6.0.37\bin;C:\Program Files (x86)\Java\jdk1.6.0_43\bin;C:\apache-maven-3.0.5\bin;C:\apache-tomcat-6.0.37\bin;C:\AppServ\Apache2.2\bin;C:\AppServ\php5;C:\AppServ\MySQL\bin;c:\program files (x86)\jetbrains\intellij idea 12.0.2\jre\jre\bin
USERNAME=khiemnt
OS=Windows_NT
PROCESSOR_IDENTIFIER=Intel64 Family 6 Model 58 Stepping 9, GenuineIntel



---------------  S Y S T E M  ---------------

OS: Windows 7 , 64 bit Build 7600 

CPU:total 4 (2 cores per cpu, 2 threads per core) family 6 model 58 stepping 9, cmov, cx8, fxsr, mmx, sse, sse2, sse3, ssse3, sse4.1, sse4.2, popcnt, ht

Memory: 4k page, physical 8054404k(5667076k free), swap 16106888k(12718384k free)

vm_info: Java HotSpot(TM) Client VM (20.14-b01) for windows-x86 JRE (1.6.0_43-b01), built on Mar  1 2013 02:51:23 by "java_re" with MS VC++ 7.1 (VS2003)

time: Thu Jul 04 13:42:18 2013
elapsed time: 0 seconds

